This is pdfTeX, Version 3.1415926-1.40.11 (MiKTeX 2.9) (preloaded format=pdflatex 2011.2.12)  17 MAR 2011 07:17
entering extended mode
**documentation.tex

(C:\Users\rumi\Documents\University\Scoogle\FinalReport\documentation\documenta
tion.tex
LaTeX2e <2009/09/24>
Babel <v3.8l> and hyphenation patterns for english, afrikaans, ancientgreek, ar
abic, armenian, assamese, basque, bengali, bokmal, bulgarian, catalan, coptic, 
croatian, czech, danish, dutch, esperanto, estonian, farsi, finnish, french, ga
lician, german, german-x-2009-06-19, greek, gujarati, hindi, hungarian, iceland
ic, indonesian, interlingua, irish, italian, kannada, kurmanji, lao, latin, lat
vian, lithuanian, malayalam, marathi, mongolian, mongolianlmc, monogreek, ngerm
an, ngerman-x-2009-06-19, nynorsk, oriya, panjabi, pinyin, polish, portuguese, 
romanian, russian, sanskrit, serbian, slovak, slovenian, spanish, swedish, swis
sgerman, tamil, telugu, turkish, turkmen, ukenglish, ukrainian, uppersorbian, u
senglishmax, welsh, loaded.
("C:\Program Files (x86)\MiKTeX 2.9\tex\latex\base\article.cls"
Document Class: article 2007/10/19 v1.4h Standard LaTeX document class
("C:\Program Files (x86)\MiKTeX 2.9\tex\latex\base\size11.clo"
File: size11.clo 2007/10/19 v1.4h Standard LaTeX file (size option)
)
\c@part=\count79
\c@section=\count80
\c@subsection=\count81
\c@subsubsection=\count82
\c@paragraph=\count83
\c@subparagraph=\count84
\c@figure=\count85
\c@table=\count86
\abovecaptionskip=\skip41
\belowcaptionskip=\skip42
\bibindent=\dimen102
)
("C:\Program Files (x86)\MiKTeX 2.9\tex\latex\a4wide\a4wide.sty"
Package: a4wide 1994/08/30

("C:\Program Files (x86)\MiKTeX 2.9\tex\latex\ntgclass\a4.sty"
Package: a4 2004/04/15 v1.2g A4 based page layout
))
("C:\Program Files (x86)\MiKTeX 2.9\tex\latex\hyperref\hyperref.sty"
Package: hyperref 2011/02/07 v6.82b Hypertext links for LaTeX

("C:\Program Files (x86)\MiKTeX 2.9\tex\generic\oberdiek\ltxcmds.sty"
Package: ltxcmds 2010/04/26 v1.7 LaTeX kernel commands for general use (HO)
)
("C:\Program Files (x86)\MiKTeX 2.9\tex\generic\oberdiek\ifpdf.sty"
Package: ifpdf 2010/01/28 v2.1 Provides the ifpdf switch (HO)
Package ifpdf Info: pdfTeX in pdf mode detected.
)
("C:\Program Files (x86)\MiKTeX 2.9\tex\generic\oberdiek\pdftexcmds.sty"
Package: pdftexcmds 2010/04/01 v0.9 Utility functions of pdfTeX for LuaTeX (HO)


("C:\Program Files (x86)\MiKTeX 2.9\tex\generic\oberdiek\infwarerr.sty"
Package: infwarerr 2010/04/08 v1.3 Providing info/warning/message (HO)
)
("C:\Program Files (x86)\MiKTeX 2.9\tex\generic\oberdiek\ifluatex.sty"
Package: ifluatex 2010/03/01 v1.3 Provides the ifluatex switch (HO)
Package ifluatex Info: LuaTeX not detected.
)
Package pdftexcmds Info: LuaTeX not detected.
Package pdftexcmds Info: \pdf@primitive is available.
Package pdftexcmds Info: \pdf@ifprimitive is available.
)
("C:\Program Files (x86)\MiKTeX 2.9\tex\latex\graphics\keyval.sty"
Package: keyval 1999/03/16 v1.13 key=value parser (DPC)
\KV@toks@=\toks14
)
("C:\Program Files (x86)\MiKTeX 2.9\tex\generic\oberdiek\kvsetkeys.sty"
Package: kvsetkeys 2010/03/01 v1.9 Key value parser (HO)

("C:\Program Files (x86)\MiKTeX 2.9\tex\generic\oberdiek\etexcmds.sty"
Package: etexcmds 2010/01/28 v1.3 Prefix for e-TeX command names (HO)
Package etexcmds Info: Could not find \expanded.
(etexcmds)             That can mean that you are not using pdfTeX 1.50 or
(etexcmds)             that some package has redefined \expanded.
(etexcmds)             In the latter case, load this package earlier.
))
("C:\Program Files (x86)\MiKTeX 2.9\tex\generic\oberdiek\pdfescape.sty"
Package: pdfescape 2010/03/01 v1.9 Provides hex, PDF name and string conversion
s (HO)
)
("C:\Program Files (x86)\MiKTeX 2.9\tex\generic\oberdiek\ifvtex.sty"
Package: ifvtex 2010/03/01 v1.5 Switches for detecting VTeX and its modes (HO)
Package ifvtex Info: VTeX not detected.
)
("C:\Program Files (x86)\MiKTeX 2.9\tex\generic\ifxetex\ifxetex.sty"
Package: ifxetex 2010/09/12 v0.6 Provides ifxetex conditional
)
("C:\Program Files (x86)\MiKTeX 2.9\tex\latex\oberdiek\hycolor.sty"
Package: hycolor 2009/12/12 v1.6 Color options of hyperref/bookmark (HO)

("C:\Program Files (x86)\MiKTeX 2.9\tex\latex\oberdiek\xcolor-patch.sty"
Package: xcolor-patch 2009/12/12 xcolor patch
))
("C:\Program Files (x86)\MiKTeX 2.9\tex\latex\oberdiek\letltxmacro.sty"
Package: letltxmacro 2008/06/24 v1.3 Let assignment for LaTeX macros (HO)
)
("C:\Program Files (x86)\MiKTeX 2.9\tex\latex\oberdiek\kvoptions.sty"
Package: kvoptions 2010/02/22 v3.7 Keyval support for LaTeX options (HO)
)
\@linkdim=\dimen103
\Hy@linkcounter=\count87
\Hy@pagecounter=\count88

("C:\Program Files (x86)\MiKTeX 2.9\tex\latex\hyperref\pd1enc.def"
File: pd1enc.def 2011/02/07 v6.82b Hyperref: PDFDocEncoding definition (HO)
)
("C:\Program Files (x86)\MiKTeX 2.9\tex\generic\oberdiek\intcalc.sty"
Package: intcalc 2007/09/27 v1.1 Expandable integer calculations (HO)
)
\Hy@SavedSpaceFactor=\count89

("C:\Program Files (x86)\MiKTeX 2.9\tex\latex\00miktex\hyperref.cfg"
File: hyperref.cfg 2002/06/06 v1.2 hyperref configuration of TeXLive
)
Package hyperref Info: Hyper figures OFF on input line 4025.
Package hyperref Info: Link nesting OFF on input line 4030.
Package hyperref Info: Hyper index ON on input line 4033.
Package hyperref Info: Plain pages OFF on input line 4040.
Package hyperref Info: Backreferencing OFF on input line 4045.
Package hyperref Info: Implicit mode ON; LaTeX internals redefined.
Package hyperref Info: Bookmarks ON on input line 4263.
\c@Hy@tempcnt=\count90

("C:\Program Files (x86)\MiKTeX 2.9\tex\latex\ltxmisc\url.sty"
\Urlmuskip=\muskip10
Package: url 2006/04/12  ver 3.3  Verb mode for urls, etc.
)
LaTeX Info: Redefining \url on input line 4616.

("C:\Program Files (x86)\MiKTeX 2.9\tex\generic\oberdiek\bitset.sty"
Package: bitset 2007/09/28 v1.0 Data type bit set (HO)

("C:\Program Files (x86)\MiKTeX 2.9\tex\generic\oberdiek\bigintcalc.sty"
Package: bigintcalc 2007/11/11 v1.1 Expandable big integer calculations (HO)
))
\Fld@menulength=\count91
\Field@Width=\dimen104
\Fld@charsize=\dimen105
Package hyperref Info: Hyper figures OFF on input line 5700.
Package hyperref Info: Link nesting OFF on input line 5705.
Package hyperref Info: Hyper index ON on input line 5708.
Package hyperref Info: backreferencing OFF on input line 5715.
Package hyperref Info: Link coloring OFF on input line 5720.
Package hyperref Info: Link coloring with OCG OFF on input line 5725.
Package hyperref Info: PDF/A mode OFF on input line 5730.
LaTeX Info: Redefining \ref on input line 5770.
LaTeX Info: Redefining \pageref on input line 5774.

("C:\Program Files (x86)\MiKTeX 2.9\tex\generic\oberdiek\atbegshi.sty"
Package: atbegshi 2010/03/25 v1.12 At begin shipout hook (HO)
)
\Hy@abspage=\count92
\c@Item=\count93
\c@Hfootnote=\count94
)

Package hyperref Message: Driver (autodetected): hpdftex.

("C:\Program Files (x86)\MiKTeX 2.9\tex\latex\hyperref\hpdftex.def"
File: hpdftex.def 2011/02/07 v6.82b Hyperref driver for pdfTeX

("C:\Program Files (x86)\MiKTeX 2.9\tex\latex\oberdiek\atveryend.sty"
Package: atveryend 2010/03/24 v1.5 Hooks at very end of document (HO)
Package atveryend Info: \enddocument detected (standard).
)
\Fld@listcount=\count95
\c@bookmark@seq@number=\count96

("C:\Program Files (x86)\MiKTeX 2.9\tex\latex\oberdiek\rerunfilecheck.sty"
Package: rerunfilecheck 2010/03/16 v1.6 Rerun checks for auxiliary files (HO)

("C:\Program Files (x86)\MiKTeX 2.9\tex\generic\oberdiek\uniquecounter.sty"
Package: uniquecounter 2009/12/18 v1.1 Provides unlimited unique counter (HO)
)
Package uniquecounter Info: New unique counter `rerunfilecheck' on input line 2
71.
)
\Hy@SectionHShift=\skip43
)
("C:\Program Files (x86)\MiKTeX 2.9\tex\latex\listings\listings.sty"
\lst@mode=\count97
\lst@gtempboxa=\box26
\lst@token=\toks15
\lst@length=\count98
\lst@currlwidth=\dimen106
\lst@column=\count99
\lst@pos=\count100
\lst@lostspace=\dimen107
\lst@width=\dimen108
\lst@newlines=\count101
\lst@lineno=\count102
\lst@maxwidth=\dimen109

("C:\Program Files (x86)\MiKTeX 2.9\tex\latex\listings\lstmisc.sty"
File: lstmisc.sty 2007/02/22 1.4 (Carsten Heinz)
\c@lstnumber=\count103
\lst@skipnumbers=\count104
\lst@framebox=\box27
)
("C:\Program Files (x86)\MiKTeX 2.9\tex\latex\listings\listings.cfg"
File: listings.cfg 2007/02/22 1.4 listings configuration
))
Package: listings 2007/02/22 1.4 (Carsten Heinz)

("C:\Program Files (x86)\MiKTeX 2.9\tex\latex\graphics\color.sty"
Package: color 2005/11/14 v1.0j Standard LaTeX Color (DPC)

("C:\Program Files (x86)\MiKTeX 2.9\tex\latex\00miktex\color.cfg"
File: color.cfg 2007/01/18 v1.5 color configuration of teTeX/TeXLive
)
Package color Info: Driver file: pdftex.def on input line 130.

("C:\Program Files (x86)\MiKTeX 2.9\tex\latex\pdftex-def\pdftex.def"
File: pdftex.def 2011/01/28 v0.05d Graphics/color for pdfTeX
\Gread@gobject=\count105
))
("C:\Program Files (x86)\MiKTeX 2.9\tex\latex\ltxmisc\parskip.sty"
Package: parskip 2001/04/09 non-zero parskip adjustments
)
("C:\Program Files (x86)\MiKTeX 2.9\tex\latex\graphics\graphicx.sty"
Package: graphicx 1999/02/16 v1.0f Enhanced LaTeX Graphics (DPC,SPQR)

("C:\Program Files (x86)\MiKTeX 2.9\tex\latex\graphics\graphics.sty"
Package: graphics 2009/02/05 v1.0o Standard LaTeX Graphics (DPC,SPQR)

("C:\Program Files (x86)\MiKTeX 2.9\tex\latex\graphics\trig.sty"
Package: trig 1999/03/16 v1.09 sin cos tan (DPC)
)
("C:\Program Files (x86)\MiKTeX 2.9\tex\latex\00miktex\graphics.cfg"
File: graphics.cfg 2007/01/18 v1.5 graphics configuration of teTeX/TeXLive
)
Package graphics Info: Driver file: pdftex.def on input line 91.
)
\Gin@req@height=\dimen110
\Gin@req@width=\dimen111
)
("C:\Program Files (x86)\MiKTeX 2.9\tex\latex\subfigure\subfigure.sty"
Package: subfigure 2002/07/30 v2.1.4 subfigure package
\subfigtopskip=\skip44
\subfigcapskip=\skip45
\subfigcaptopadj=\dimen112
\subfigbottomskip=\skip46
\subfigcapmargin=\dimen113
\subfiglabelskip=\skip47
\c@subfigure=\count106
\c@lofdepth=\count107
\c@subtable=\count108
\c@lotdepth=\count109

****************************************
* Local config file subfigure.cfg used *
****************************************
("C:\Program Files (x86)\MiKTeX 2.9\tex\latex\subfigure\subfigure.cfg")
\subfig@top=\skip48
\subfig@bottom=\skip49
)
Package hyperref Info: Option `colorlinks' set `true' on input line 20.

(C:\Users\rumi\Documents\University\Scoogle\FinalReport\documentation\documenta
tion.aux

LaTeX Warning: Label `fig:filter_results' multiply defined.

)
LaTeX Font Info:    Checking defaults for OML/cmm/m/it on input line 48.
LaTeX Font Info:    ... okay on input line 48.
LaTeX Font Info:    Checking defaults for T1/cmr/m/n on input line 48.
LaTeX Font Info:    ... okay on input line 48.
LaTeX Font Info:    Checking defaults for OT1/cmr/m/n on input line 48.
LaTeX Font Info:    ... okay on input line 48.
LaTeX Font Info:    Checking defaults for OMS/cmsy/m/n on input line 48.
LaTeX Font Info:    ... okay on input line 48.
LaTeX Font Info:    Checking defaults for OMX/cmex/m/n on input line 48.
LaTeX Font Info:    ... okay on input line 48.
LaTeX Font Info:    Checking defaults for U/cmr/m/n on input line 48.
LaTeX Font Info:    ... okay on input line 48.
LaTeX Font Info:    Checking defaults for PD1/pdf/m/n on input line 48.
LaTeX Font Info:    ... okay on input line 48.
\AtBeginShipoutBox=\box28
Package hyperref Info: Link coloring ON on input line 48.
 ("C:\Program Files (x86)\MiKTeX 2.9\tex\latex\hyperref\nameref.sty"
Package: nameref 2010/04/30 v2.40 Cross-referencing by name of section

("C:\Program Files (x86)\MiKTeX 2.9\tex\latex\oberdiek\refcount.sty"
Package: refcount 2008/08/11 v3.1 Data extraction from references (HO)
)
("C:\Program Files (x86)\MiKTeX 2.9\tex\generic\oberdiek\gettitlestring.sty"
Package: gettitlestring 2009/12/18 v1.3 Cleanup title references (HO)
)
\c@section@level=\count110
)
LaTeX Info: Redefining \ref on input line 48.
LaTeX Info: Redefining \pageref on input line 48.
LaTeX Info: Redefining \nameref on input line 48.

(C:\Users\rumi\Documents\University\Scoogle\FinalReport\documentation\documenta
tion.out)
(C:\Users\rumi\Documents\University\Scoogle\FinalReport\documentation\documenta
tion.out)
\@outlinefile=\write3
\c@lstlisting=\count111
 ("C:\Program Files (x86)\MiKTeX 2.9\tex\context\base\supp-pdf.mkii"
[Loading MPS to PDF converter (version 2006.09.02).]
\scratchcounter=\count112
\scratchdimen=\dimen114
\scratchbox=\box29
\nofMPsegments=\count113
\nofMParguments=\count114
\everyMPshowfont=\toks16
\MPscratchCnt=\count115
\MPscratchDim=\dimen115
\MPnumerator=\count116
\everyMPtoPDFconversion=\toks17
)
LaTeX Font Info:    External font `cmex10' loaded for size
(Font)              <12> on input line 63.
LaTeX Font Info:    External font `cmex10' loaded for size
(Font)              <8> on input line 63.
LaTeX Font Info:    External font `cmex10' loaded for size
(Font)              <6> on input line 63.
 [1

{C:/ProgramData/MiKTeX/2.9/pdftex/config/pdftex.map}]
(C:\Users\rumi\Documents\University\Scoogle\FinalReport\documentation\documenta
tion.toc
LaTeX Font Info:    External font `cmex10' loaded for size
(Font)              <10.95> on input line 3.
)
\tf@toc=\write4
pdfTeX warning (ext4): destination with the same identifier (name{page.1}) has 
been already used, duplicate ignored
<to be read again> 
                   \relax 
l.65 \newpage
              [1]
(C:\Users\rumi\Documents\University\Scoogle\FinalReport\documentation\intro.tex
Missing character: There is no ‚ in font cmr10!
Missing character: There is no Ä in font cmr10!
Missing character: There is no ô in font cmr10!
)
(C:\Users\rumi\Documents\University\Scoogle\FinalReport\documentation\specifica
tion.tex
LaTeX Font Info:    Try loading font information for OMS+cmr on input line 7.
 ("C:\Program Files (x86)\MiKTeX 2.9\tex\latex\base\omscmr.fd"
File: omscmr.fd 1999/05/25 v2.5h Standard LaTeX font definitions
)
LaTeX Font Info:    Font shape `OMS/cmr/m/n' in size <10.95> not available
(Font)              Font shape `OMS/cmsy/m/n' tried instead on input line 7.

[2] <c2.jpg, id=152, 609.77812pt x 270.25969pt>
File: c2.jpg Graphic file (type jpg)
 <use c2.jpg>
<c4.jpg, id=153, 532.23843pt x 214.55156pt>
File: c4.jpg Graphic file (type jpg)
 <use c4.jpg>
Underfull \hbox (badness 10000) in paragraph at lines 63--63
[]\OT1/cmr/bx/n/10.95 User
 []


Overfull \hbox (1.57pt too wide) in paragraph at lines 63--63
[]\OT1/cmr/m/n/10.95 Status| 
 []


Underfull \hbox (badness 2922) in paragraph at lines 64--64
\OT1/cmr/m/n/10.95 class Foo-Bar, trait My-
 []


Underfull \hbox (badness 1264) in paragraph at lines 65--65
\OT1/cmr/m/n/10.95 - En-ti-ties named ex-actly
 []


Underfull \hbox (badness 1472) in paragraph at lines 66--66
[]\OT1/cmr/m/n/10.95 [q3] Text ``Foo'' in
 []


Underfull \hbox (badness 10000) in paragraph at lines 66--66
[]\OT1/cmr/m/n/10.95 Comments that con-tain
 []


Underfull \hbox (badness 10000) in paragraph at lines 67--68
\OT1/cmr/m/n/10.95 traits\OMS/cmsy/m/n/10.95 n\OT1/cmr/m/n/10.95 packages
 []


Underfull \hbox (badness 10000) in paragraph at lines 68--68
[]\OT1/cmr/m/n/10.95 class
 []


Underfull \hbox (badness 6842) in paragraph at lines 68--68
\OT1/cmr/m/n/10.95 Foo; ob-
 []


Underfull \hbox (badness 10000) in paragraph at lines 68--68
\OT1/cmr/m/n/10.95 ject Foo;
 []


Underfull \hbox (badness 2158) in paragraph at lines 68--68
\OT1/cmr/m/n/10.95 trait Foo;
 []


Underfull \hbox (badness 10000) in paragraph at lines 68--68
\OT1/cmr/m/n/10.95 pack-age
 []


Underfull \hbox (badness 10000) in paragraph at lines 69--69
\OT1/cmr/m/n/10.95 traits\OMS/cmsy/m/n/10.95 n\OT1/cmr/m/n/10.95 packages
 []


Underfull \hbox (badness 10000) in paragraph at lines 69--69
\OT1/cmr/m/n/10.95 whose names end
 []


Underfull \hbox (badness 10000) in paragraph at lines 69--69
\OT1/cmr/m/n/10.95 ob-ject
 []


Underfull \hbox (badness 10000) in paragraph at lines 69--69
[]\OT1/cmr/m/n/10.95 Footrait
 []


Underfull \hbox (badness 10000) in paragraph at lines 69--69
[]\OT1/cmr/m/n/10.95 Foo;
 []


Underfull \hbox (badness 10000) in paragraph at lines 69--69
\OT1/cmr/m/n/10.95 pack-age
 []


Underfull \hbox (badness 10000) in paragraph at lines 70--70
[]\OT1/cmr/m/n/10.95 extends
 []


Underfull \hbox (badness 10000) in paragraph at lines 71--71
[]\OT1/cmr/m/n/10.95 [q7] Classes that
 []


Underfull \hbox (badness 10000) in paragraph at lines 71--71
\OT1/cmr/m/n/10.95 im-ple-ment trait
 []


Underfull \hbox (badness 10000) in paragraph at lines 71--71
[]\OT1/cmr/m/n/10.95 with
 []


Underfull \hbox (badness 1796) in paragraph at lines 74--74
[]\OT1/cmr/m/n/10.95 [q10] Meth-ods that
 []


Underfull \hbox (badness 6675) in paragraph at lines 74--74
[]\OT1/cmr/m/n/10.95 def [](Int,
 []


Underfull \hbox (badness 10000) in paragraph at lines 74--74
\OT1/cmr/m/n/10.95 String):
 []


Underfull \hbox (badness 10000) in paragraph at lines 74--74

 []


Underfull \hbox (badness 5490) in paragraph at lines 75--75
[]\OT1/cmr/m/n/10.95 [q11] Method that
 []


Underfull \hbox (badness 6675) in paragraph at lines 75--75
[]\OT1/cmr/m/n/10.95 def [](Int,
 []


Underfull \hbox (badness 10000) in paragraph at lines 76--76
[]\OT1/cmr/m/n/10.95 val
 []


Overfull \hbox (7.2334pt too wide) in paragraph at lines 76--76
\OT1/cmr/m/n/10.95 name:String 
 []


Underfull \hbox (badness 10000) in paragraph at lines 76--76
\OT1/cmr/m/n/10.95 var
 []


Overfull \hbox (7.2334pt too wide) in paragraph at lines 76--76
\OT1/cmr/m/n/10.95 name:String| 
 []


Underfull \hbox (badness 10000) in paragraph at lines 76--76
[]\OT1/cmr/m/n/10.95 All mem-ber val-ues or
 []


Underfull \hbox (badness 1237) in paragraph at lines 76--76
\OT1/cmr/m/n/10.95 ``name'' and are of type
 []


Underfull \hbox (badness 1210) in paragraph at lines 76--76
\OT1/cmr/m/n/10.95 String. The re-sults are
 []


Underfull \hbox (badness 10000) in paragraph at lines 76--76
\OT1/cmr/m/n/10.95 or-dered by val / var
 []


Overfull \hbox (2.75626pt too wide) in paragraph at lines 76--76
[]\OT1/cmr/m/n/10.95 partial| 
 []


LaTeX Warning: Float too large for page by 164.9331pt on input line 81.

[3 <C:/Users/rumi/Documents/University/Scoogle/FinalReport/documentation/c2.jpg
>] [4] <c7.png, id=166, 679.03688pt x 342.5297pt>
File: c7.png Graphic file (type png)
 <use c7.png> [5 <C:/Users/rumi/Documents/University/Scoogle/FinalReport/docume
ntation/c4.jpg> <C:/Users/rumi/Documents/University/Scoogle/FinalReport/documen
tation/c7.png>]
Underfull \hbox (badness 10000) in paragraph at lines 123--123
[] \OT1/cmr/bx/n/10.95 User
 []


Underfull \hbox (badness 10000) in paragraph at lines 123--123
\OT1/cmr/bx/n/10.95 Query/Search
 []


Underfull \hbox (badness 10000) in paragraph at lines 123--123
[]\OT1/cmr/bx/n/10.95 Results Pro-
 []


Underfull \hbox (badness 6526) in paragraph at lines 124--124
[]\OT1/cmr/m/n/10.95 [q13] Search us-ing
 []


Underfull \hbox (badness 10000) in paragraph at lines 124--124
\OT1/cmr/m/n/10.95 log-i-cal AND. e.g.
 []


Underfull \hbox (badness 10000) in paragraph at lines 124--124
\OT1/cmr/m/n/10.95 search for classes
 []


Underfull \hbox (badness 10000) in paragraph at lines 124--124
\OT1/cmr/m/n/10.95 named ``Foo'' and
 []


Underfull \hbox (badness 1769) in paragraph at lines 124--124
[]\OT1/cmr/m/n/10.95 All classes named
 []


Underfull \hbox (badness 10000) in paragraph at lines 124--124
[]\OT1/cmr/m/n/10.95 not
 []


Underfull \hbox (badness 6526) in paragraph at lines 125--125
[]\OT1/cmr/m/n/10.95 [q14] Search us-ing
 []


Underfull \hbox (badness 10000) in paragraph at lines 125--125
\OT1/cmr/m/n/10.95 ods named ``add''
 []


Underfull \hbox (badness 3514) in paragraph at lines 125--125
\OT1/cmr/m/n/10.95 or meth-ods named
 []


Underfull \hbox (badness 1325) in paragraph at lines 125--125
[]\OT1/cmr/m/n/10.95 def add OR def
 []


Underfull \hbox (badness 6526) in paragraph at lines 126--126
[]\OT1/cmr/m/n/10.95 [q15] Search us-ing
 []


Underfull \hbox (badness 2359) in paragraph at lines 126--126
\OT1/cmr/m/n/10.95 the NOT op-er-a-tor.
 []


Underfull \hbox (badness 1237) in paragraph at lines 126--126
\OT1/cmr/m/n/10.95 that end with text
 []


Underfull \hbox (badness 1616) in paragraph at lines 126--126
\OT1/cmr/m/n/10.95 ``Foo'', but ex-clude
 []


Underfull \hbox (badness 10000) in paragraph at lines 126--126
[]\OT1/cmr/m/n/10.95 class []Foo not
 []


Underfull \hbox (badness 2662) in paragraph at lines 126--126
\OT1/cmr/m/n/10.95 class []Foo !class
 []


Underfull \hbox (badness 6526) in paragraph at lines 127--127
[]\OT1/cmr/m/n/10.95 [q16] Search us-ing
 []


Underfull \hbox (badness 10000) in paragraph at lines 127--127
\OT1/cmr/m/n/10.95 search for classes
 []


Underfull \hbox (badness 3128) in paragraph at lines 127--127
\OT1/cmr/m/n/10.95 classes with names
 []


Underfull \hbox (badness 10000) in paragraph at lines 127--127
[]\OT1/cmr/m/n/10.95 class Bar OR
 []


Underfull \hbox (badness 1769) in paragraph at lines 127--127
[]\OT1/cmr/m/n/10.95 All classes named
 []


Underfull \hbox (badness 10000) in paragraph at lines 127--127
\OT1/cmr/m/n/10.95 classes that end
 []


Underfull \hbox (badness 10000) in paragraph at lines 128--128
[]\OT1/cmr/m/n/10.95 [q17] Search for
 []


Underfull \hbox (badness 4739) in paragraph at lines 128--128
\OT1/cmr/m/n/10.95 method that takes
 []


Underfull \hbox (badness 10000) in paragraph at lines 128--128
\OT1/cmr/m/n/10.95 a func-tion as a
 []


Underfull \hbox (badness 10000) in paragraph at lines 128--128
[]\OT1/cmr/m/n/10.95 def [](Int =$\OML/cmm/m/it/10.95 >$
 []


Underfull \hbox (badness 3343) in paragraph at lines 128--128
[]\OT1/cmr/m/n/10.95 All meth-ods that
 []


Underfull \hbox (badness 6978) in paragraph at lines 129--129
\OT1/cmr/m/n/10.95 meth-ods with two
 []


Underfull \hbox (badness 2644) in paragraph at lines 129--129
\OT1/cmr/m/n/10.95 pa-ram-e-ters, an Int
 []


Underfull \hbox (badness 3343) in paragraph at lines 129--129
[]\OT1/cmr/m/n/10.95 All meth-ods that
 []


Underfull \hbox (badness 1997) in paragraph at lines 129--129
\OT1/cmr/m/n/10.95 String and re-turn
 []


Overfull \hbox (4.92757pt too wide) in paragraph at lines 129--129
[]\OT1/cmr/m/n/10.95 modified| 
 []


Underfull \hbox (badness 3240) in paragraph at lines 130--130
[]\OT1/cmr/m/n/10.95 [q19] Search for a
 []


Underfull \hbox (badness 10000) in paragraph at lines 131--131
[]\OT1/cmr/m/n/10.95 [q20] Search for
 []


Underfull \hbox (badness 10000) in paragraph at lines 131--131
\OT1/cmr/m/n/10.95 a generic method
 []


Underfull \hbox (badness 1571) in paragraph at lines 131--131
[]\OT1/cmr/m/n/10.95 Returns all meth-
 []


Underfull \hbox (badness 1946) in paragraph at lines 131--131
\OT1/cmr/m/n/10.95 e-ters and the re-
 []


Underfull \hbox (badness 5316) in paragraph at lines 131--131
\OT1/cmr/m/n/10.95 spec-tive ar-gu-ment
 []


Underfull \hbox (badness 10000) in paragraph at lines 131--131
[]\OT1/cmr/m/n/10.95 not
 []


Underfull \hbox (badness 1571) in paragraph at lines 132--132
[]\OT1/cmr/m/n/10.95 Returns all meth-
 []


Underfull \hbox (badness 10000) in paragraph at lines 132--132
\OT1/cmr/m/n/10.95 two-element tu-ple
 []


Underfull \hbox (badness 1571) in paragraph at lines 133--133
[]\OT1/cmr/m/n/10.95 Returns all meth-
 []


LaTeX Warning: Float too large for page by 164.13315pt on input line 138.


LaTeX Warning: Citation `coding-style' on page 6 undefined on input line 151.

)
(C:\Users\rumi\Documents\University\Scoogle\FinalReport\documentation\design.te
x [6] [7] <design.jpg, id=188, 448.67625pt x 233.37187pt>
File: design.jpg Graphic file (type jpg)
 <use design.jpg>
Missing character: There is no ‚ in font cmr10!
Missing character: There is no Ä in font cmr10!
Missing character: There is no ú in font cmr10!
Missing character: There is no ‚ in font cmr10!
Missing character: There is no Ä in font cmr10!
Missing character: There is no ù in font cmr10!

[8 <C:/Users/rumi/Documents/University/Scoogle/FinalReport/documentation/design
.jpg>])
(C:\Users\rumi\Documents\University\Scoogle\FinalReport\documentation\implement
ation.tex

LaTeX Warning: Citation `lift' on page 9 undefined on input line 5.

<mvvm.jpg, id=194, 360.59718pt x 181.42781pt>
File: mvvm.jpg Graphic file (type jpg)
 <use mvvm.jpg>

LaTeX Warning: Citation `lift' on page 9 undefined on input line 13.

Missing character: There is no ‚ in font cmr10!
Missing character: There is no Ä in font cmr10!
Missing character: There is no ì in font cmr10!
Missing character: There is no ‚ in font cmr10!
Missing character: There is no Ä in font cmr10!
Missing character: There is no ì in font cmr10!
[9 <C:/Users/rumi/Documents/University/Scoogle/FinalReport/documentation/mvvm.j
pg>]
Missing character: There is no ‚ in font cmr10!
Missing character: There is no Ä in font cmr10!
Missing character: There is no ò in font cmr10!
Missing character: There is no ‚ in font cmr10!
Missing character: There is no Ä in font cmr10!
Missing character: There is no ô in font cmr10!
Missing character: There is no ‚ in font cmr10!
Missing character: There is no Ä in font cmr10!
Missing character: There is no ô in font cmr10!
 [10]
LaTeX Font Info:    Try loading font information for OMS+cmss on input line 42.

LaTeX Font Info:    No file OMScmss.fd. on input line 42.


LaTeX Font Warning: Font shape `OMS/cmss/m/n' undefined
(Font)              using `OMS/cmsy/m/n' instead
(Font)              for symbol `textasteriskcentered' on input line 42.

LaTeX Font Info:    Try loading font information for OML+cmss on input line 42.

LaTeX Font Info:    No file OMLcmss.fd. on input line 42.

LaTeX Font Warning: Font shape `OML/cmss/bx/n' undefined
(Font)              using `OML/cmm/m/it' instead
(Font)              for symbol `textgreater' on input line 42.

Missing character: There is no ‚ in font cmr10!
Missing character: There is no Ä in font cmr10!
Missing character: There is no ì in font cmr10!

LaTeX Font Warning: Font shape `OML/cmss/m/n' undefined
(Font)              using `OML/cmm/m/it' instead
(Font)              for symbol `textgreater' on input line 52.

[11])
(C:\Users\rumi\Documents\University\Scoogle\FinalReport\documentation\methodolo
gy.tex
Missing character: There is no ‚ in font cmr10!
Missing character: There is no Ä in font cmr10!
Missing character: There is no ô in font cmr10!
 [12]
Missing character: There is no ‚ in font cmr10!
Missing character: There is no Ä in font cmr10!
Missing character: There is no ì in font cmr10!
Missing character: There is no ‚ in font cmr10!
Missing character: There is no Ä in font cmr10!
Missing character: There is no ì in font cmr10!
 [13]
Missing character: There is no ‚ in font cmr10!
Missing character: There is no Ä in font cmr10!
Missing character: There is no ì in font cmr10!
)
(C:\Users\rumi\Documents\University\Scoogle\FinalReport\documentation\groupwork
.tex
Missing character: There is no ‚ in font cmr10!
Missing character: There is no Ä in font cmr10!
Missing character: There is no ô in font cmr10!
 [14])
(C:\Users\rumi\Documents\University\Scoogle\FinalReport\documentation\finalprod
uct.tex
Missing character: There is no ‚ in font cmr10!
Missing character: There is no Ä in font cmr10!
Missing character: There is no ô in font cmr10!
 <highlighting.jpg, id=235, 421.575pt x 307.90031pt>
File: highlighting.jpg Graphic file (type jpg)

<use highlighting.jpg>
<infinityscrolling.jpg, id=237, 530.73282pt x 212.29312pt>
File: infinityscrolling.jpg Graphic file (type jpg)

<use infinityscrolling.jpg> [15] [16 <C:/Users/rumi/Documents/University/Scoogl
e/FinalReport/documentation/highlighting.jpg> <C:/Users/rumi/Documents/Universi
ty/Scoogle/FinalReport/documentation/infinityscrolling.jpg>]
<codecoverage_smartsearch.jpg, id=249, 421.575pt x 189.70876pt>
File: codecoverage_smartsearch.jpg Graphic file (type jpg)

<use codecoverage_smartsearch.jpg>
<codecoverage_total.jpg, id=250, 322.20375pt x 341.77687pt>
File: codecoverage_total.jpg Graphic file (type jpg)

<use codecoverage_total.jpg>
Underfull \hbox (badness 1924) in paragraph at lines 66--66
\OT1/cmr/m/n/10.95 prox-i-mately 50 pack-ages, over
 []


Underfull \hbox (badness 1924) in paragraph at lines 67--67
\OT1/cmr/m/n/10.95 prox-i-mately 59 pack-ages, over
 []


Underfull \hbox (badness 10000) in paragraph at lines 71--71
[]\OT1/cmr/m/n/10.95 Demo-
 []

Missing character: There is no œ in font cmr10!
Missing character: There is no ¥ in font cmr10!
<indexing-performance.jpg, id=253, 467.49657pt x 245.41687pt>
File: indexing-performance.jpg Graphic file (type jpg)

<use indexing-performance.jpg> [17 <C:/Users/rumi/Documents/University/Scoogle/
FinalReport/documentation/codecoverage_smartsearch.jpg> <C:/Users/rumi/Document
s/University/Scoogle/FinalReport/documentation/codecoverage_total.jpg>]
<search-performance.png, id=266, 445.665pt x 249.93375pt>
File: search-performance.png Graphic file (type png)

<use search-performance.png>)
(C:\Users\rumi\Documents\University\Scoogle\FinalReport\documentation\logbook.t
ex [18 <C:/Users/rumi/Documents/University/Scoogle/FinalReport/documentation/in
dexing-performance.jpg>]
Missing character: There is no ‚ in font cmr10!
Missing character: There is no Ä in font cmr10!
Missing character: There is no ú in font cmr10!
Missing character: There is no ‚ in font cmr10!
Missing character: There is no Ä in font cmr10!
Missing character: There is no ù in font cmr10!
Missing character: There is no ‚ in font cmbx10!
Missing character: There is no Ä in font cmbx10!
Missing character: There is no ¢ in font cmbx10!
Missing character: There is no ‚ in font cmr10!
Missing character: There is no Ä in font cmr10!
Missing character: There is no ú in font cmr10!
Missing character: There is no ‚ in font cmr10!
Missing character: There is no Ä in font cmr10!
Missing character: There is no ù in font cmr10!
Missing character: There is no ‚ in font cmr10!
Missing character: There is no Ä in font cmr10!
Missing character: There is no ú in font cmr10!
Missing character: There is no ‚ in font cmr10!
Missing character: There is no Ä in font cmr10!
Missing character: There is no ù in font cmr10!
Missing character: There is no ‚ in font cmr10!
Missing character: There is no Ä in font cmr10!
Missing character: There is no ú in font cmr10!
Missing character: There is no ‚ in font cmr10!
Missing character: There is no Ä in font cmr10!
Missing character: There is no ù in font cmr10!
 [19 <C:/Users/rumi/Documents/University/Scoogle/FinalReport/documentation/sear
ch-performance.png (PNG copy)>]
Missing character: There is no ‚ in font cmr10!
Missing character: There is no Ä in font cmr10!
Missing character: There is no ô in font cmr10!
 [20])
(C:\Users\rumi\Documents\University\Scoogle\FinalReport\documentation\tools.tex
[21])
No file documentation.bbl.
Package atveryend Info: Empty hook `BeforeClearDocument' on input line 86.
[22]
Package atveryend Info: Empty hook `AfterLastShipout' on input line 86.

(C:\Users\rumi\Documents\University\Scoogle\FinalReport\documentation\documenta
tion.aux)
Package atveryend Info: Executing hook `AtVeryEndDocument' on input line 86.
Package rerunfilecheck Info: File `documentation.out' has not changed.
(rerunfilecheck)             Checksum: 292B8FB2DC245E08E1FBED0E1490FCCA;1681.


LaTeX Font Warning: Some font shapes were not available, defaults substituted.


LaTeX Warning: There were undefined references.


LaTeX Warning: There were multiply-defined labels.

 ) 
Here is how much of TeX's memory you used:
 6458 strings out of 494053
 98769 string characters out of 3146188
 183594 words of memory out of 3000000
 9543 multiletter control sequences out of 15000+200000
 10362 words of font info for 36 fonts, out of 3000000 for 9000
 715 hyphenation exceptions out of 8191
 31i,12n,40p,1095b,1169s stack positions out of 5000i,500n,10000p,200000b,50000s
<C:/Program Files (x86)/MiKTeX 2.9/fonts/type1/public/amsfonts/cm/cmbx10.pfb>
<C:/Program Files (x86)/MiKTeX 2.9/fonts/type1/public/amsfonts/cm/cmbx12.pfb><C
:/Program Files (x86)/MiKTeX 2.9/fonts/type1/public/amsfonts/cm/cmmi10.pfb><C:/
Program Files (x86)/MiKTeX 2.9/fonts/type1/public/amsfonts/cm/cmr10.pfb><C:/Pro
gram Files (x86)/MiKTeX 2.9/fonts/type1/public/amsfonts/cm/cmr12.pfb><C:/Progra
m Files (x86)/MiKTeX 2.9/fonts/type1/public/amsfonts/cm/cmr6.pfb><C:/Program Fi
les (x86)/MiKTeX 2.9/fonts/type1/public/amsfonts/cm/cmr9.pfb><C:/Program Files 
(x86)/MiKTeX 2.9/fonts/type1/public/amsfonts/cm/cmss10.pfb><C:/Program Files (x
86)/MiKTeX 2.9/fonts/type1/public/amsfonts/cm/cmssbx10.pfb><C:/Program Files (x
86)/MiKTeX 2.9/fonts/type1/public/amsfonts/cm/cmsy10.pfb><C:/Program Files (x86
)/MiKTeX 2.9/fonts/type1/public/amsfonts/cm/cmti10.pfb>
Output written on documentation.pdf (23 pages, 842546 bytes).
PDF statistics:
 342 PDF objects out of 1000 (max. 8388607)
 73 named destinations out of 1000 (max. 500000)
 256 words of extra memory for PDF output out of 10000 (max. 10000000)

