\BOOKMARK [1][-]{section.1}{Introduction}{}% 1
\BOOKMARK [1][-]{section.2}{Specification}{}% 2
\BOOKMARK [2][-]{subsection.2.1}{Target Users}{section.2}% 3
\BOOKMARK [2][-]{subsection.2.2}{Functional Requirements}{section.2}% 4
\BOOKMARK [3][-]{subsubsection.2.2.1}{Essential Functional Requirements}{subsection.2.2}% 5
\BOOKMARK [3][-]{subsubsection.2.2.2}{Non Essential Functional Requirements}{subsection.2.2}% 6
\BOOKMARK [2][-]{subsection.2.3}{Non-Functional Requirements}{section.2}% 7
\BOOKMARK [3][-]{subsubsection.2.3.1}{Essential Non-Functional Requirements}{subsection.2.3}% 8
\BOOKMARK [3][-]{subsubsection.2.3.2}{Non Essential Non-Functional Requirements}{subsection.2.3}% 9
\BOOKMARK [1][-]{section.3}{Design}{}% 10
\BOOKMARK [1][-]{section.4}{Implementation}{}% 11
\BOOKMARK [1][-]{section.5}{Methodology}{}% 12
\BOOKMARK [2][-]{subsection.5.1}{Development Approach}{section.5}% 13
\BOOKMARK [2][-]{subsection.5.2}{Quality Assurance}{section.5}% 14
\BOOKMARK [2][-]{subsection.5.3}{Overcoming Challenges}{section.5}% 15
\BOOKMARK [1][-]{section.6}{Group Work}{}% 16
\BOOKMARK [1][-]{section.7}{Final Product}{}% 17
\BOOKMARK [2][-]{subsection.7.1}{Achievements}{section.7}% 18
\BOOKMARK [3][-]{subsubsection.7.1.1}{Achieved Project Specifications}{subsection.7.1}% 19
\BOOKMARK [3][-]{subsubsection.7.1.2}{Implemented Additional Features}{subsection.7.1}% 20
\BOOKMARK [3][-]{subsubsection.7.1.3}{Intuitive Query Syntax}{subsection.7.1}% 21
\BOOKMARK [2][-]{subsection.7.2}{Performance}{section.7}% 22
\BOOKMARK [1][-]{section*.4}{Appendix}{}% 23
\BOOKMARK [1][-]{appendix.A}{Logbook}{}% 24
\BOOKMARK [1][-]{appendix.B}{Tools we used}{}% 25
